===== Dependency install started: Wed May  7 20:05:13 EDT 2025 =====
Requirement already satisfied: pip in ./venv/lib/python3.13/site-packages (25.0.1)
Collecting pip
  Using cached pip-25.1.1-py3-none-any.whl.metadata (3.6 kB)
Using cached pip-25.1.1-py3-none-any.whl (1.8 MB)
Installing collected packages: pip
  Attempting uninstall: pip
    Found existing installation: pip 25.0.1
    Uninstalling pip-25.0.1:
      Successfully uninstalled pip-25.0.1
Successfully installed pip-25.1.1
Collecting torch
  Downloading torch-2.7.0-cp313-none-macosx_11_0_arm64.whl.metadata (29 kB)
Collecting torchvision
  Downloading torchvision-0.22.0-cp313-cp313-macosx_11_0_arm64.whl.metadata (6.1 kB)
Collecting matplotlib
  Downloading matplotlib-3.10.1-cp313-cp313-macosx_11_0_arm64.whl.metadata (11 kB)
Collecting pandas
  Downloading pandas-2.2.3-cp313-cp313-macosx_11_0_arm64.whl.metadata (89 kB)
Collecting filelock (from torch)
  Downloading filelock-3.18.0-py3-none-any.whl.metadata (2.9 kB)
Collecting typing-extensions>=4.10.0 (from torch)
  Downloading typing_extensions-4.13.2-py3-none-any.whl.metadata (3.0 kB)
Collecting setuptools (from torch)
  Downloading setuptools-80.3.1-py3-none-any.whl.metadata (6.5 kB)
Collecting sympy>=1.13.3 (from torch)
  Downloading sympy-1.14.0-py3-none-any.whl.metadata (12 kB)
Collecting networkx (from torch)
  Downloading networkx-3.4.2-py3-none-any.whl.metadata (6.3 kB)
Collecting jinja2 (from torch)
  Downloading jinja2-3.1.6-py3-none-any.whl.metadata (2.9 kB)
Collecting fsspec (from torch)
  Downloading fsspec-2025.3.2-py3-none-any.whl.metadata (11 kB)
Collecting numpy (from torchvision)
  Using cached numpy-2.2.5-cp313-cp313-macosx_14_0_arm64.whl.metadata (62 kB)
Collecting pillow!=8.3.*,>=5.3.0 (from torchvision)
  Downloading pillow-11.2.1-cp313-cp313-macosx_11_0_arm64.whl.metadata (8.9 kB)
Collecting contourpy>=1.0.1 (from matplotlib)
  Downloading contourpy-1.3.2-cp313-cp313-macosx_11_0_arm64.whl.metadata (5.5 kB)
Collecting cycler>=0.10 (from matplotlib)
  Downloading cycler-0.12.1-py3-none-any.whl.metadata (3.8 kB)
Collecting fonttools>=4.22.0 (from matplotlib)
  Downloading fonttools-4.57.0-cp313-cp313-macosx_10_13_universal2.whl.metadata (102 kB)
Collecting kiwisolver>=1.3.1 (from matplotlib)
  Downloading kiwisolver-1.4.8-cp313-cp313-macosx_11_0_arm64.whl.metadata (6.2 kB)
Collecting packaging>=20.0 (from matplotlib)
  Downloading packaging-25.0-py3-none-any.whl.metadata (3.3 kB)
Collecting pyparsing>=2.3.1 (from matplotlib)
  Downloading pyparsing-3.2.3-py3-none-any.whl.metadata (5.0 kB)
Collecting python-dateutil>=2.7 (from matplotlib)
  Downloading python_dateutil-2.9.0.post0-py2.py3-none-any.whl.metadata (8.4 kB)
Collecting pytz>=2020.1 (from pandas)
  Downloading pytz-2025.2-py2.py3-none-any.whl.metadata (22 kB)
Collecting tzdata>=2022.7 (from pandas)
  Downloading tzdata-2025.2-py2.py3-none-any.whl.metadata (1.4 kB)
Collecting six>=1.5 (from python-dateutil>=2.7->matplotlib)
  Downloading six-1.17.0-py2.py3-none-any.whl.metadata (1.7 kB)
Collecting mpmath<1.4,>=1.1.0 (from sympy>=1.13.3->torch)
  Downloading mpmath-1.3.0-py3-none-any.whl.metadata (8.6 kB)
Collecting MarkupSafe>=2.0 (from jinja2->torch)
  Downloading MarkupSafe-3.0.2-cp313-cp313-macosx_11_0_arm64.whl.metadata (4.0 kB)
Downloading torch-2.7.0-cp313-none-macosx_11_0_arm64.whl (68.6 MB)
   ━━━━━━━━━━━━━━━━━━━━━━━━━━━━━━━━━━━━━━━━ 68.6/68.6 MB 38.3 MB/s eta 0:00:00
Downloading torchvision-0.22.0-cp313-cp313-macosx_11_0_arm64.whl (1.9 MB)
   ━━━━━━━━━━━━━━━━━━━━━━━━━━━━━━━━━━━━━━━━ 1.9/1.9 MB 34.4 MB/s eta 0:00:00
Downloading matplotlib-3.10.1-cp313-cp313-macosx_11_0_arm64.whl (8.0 MB)
   ━━━━━━━━━━━━━━━━━━━━━━━━━━━━━━━━━━━━━━━━ 8.0/8.0 MB 37.9 MB/s eta 0:00:00
Downloading pandas-2.2.3-cp313-cp313-macosx_11_0_arm64.whl (11.3 MB)
   ━━━━━━━━━━━━━━━━━━━━━━━━━━━━━━━━━━━━━━━━ 11.3/11.3 MB 39.8 MB/s eta 0:00:00
Downloading contourpy-1.3.2-cp313-cp313-macosx_11_0_arm64.whl (255 kB)
Downloading cycler-0.12.1-py3-none-any.whl (8.3 kB)
Downloading fonttools-4.57.0-cp313-cp313-macosx_10_13_universal2.whl (2.7 MB)
   ━━━━━━━━━━━━━━━━━━━━━━━━━━━━━━━━━━━━━━━━ 2.7/2.7 MB 37.0 MB/s eta 0:00:00
Downloading kiwisolver-1.4.8-cp313-cp313-macosx_11_0_arm64.whl (65 kB)
Using cached numpy-2.2.5-cp313-cp313-macosx_14_0_arm64.whl (5.1 MB)
Downloading packaging-25.0-py3-none-any.whl (66 kB)
Downloading pillow-11.2.1-cp313-cp313-macosx_11_0_arm64.whl (3.0 MB)
   ━━━━━━━━━━━━━━━━━━━━━━━━━━━━━━━━━━━━━━━━ 3.0/3.0 MB 37.9 MB/s eta 0:00:00
Downloading pyparsing-3.2.3-py3-none-any.whl (111 kB)
Downloading python_dateutil-2.9.0.post0-py2.py3-none-any.whl (229 kB)
Downloading pytz-2025.2-py2.py3-none-any.whl (509 kB)
Downloading six-1.17.0-py2.py3-none-any.whl (11 kB)
Downloading sympy-1.14.0-py3-none-any.whl (6.3 MB)
   ━━━━━━━━━━━━━━━━━━━━━━━━━━━━━━━━━━━━━━━━ 6.3/6.3 MB 37.9 MB/s eta 0:00:00
Downloading mpmath-1.3.0-py3-none-any.whl (536 kB)
   ━━━━━━━━━━━━━━━━━━━━━━━━━━━━━━━━━━━━━━━━ 536.2/536.2 kB 20.9 MB/s eta 0:00:00
Downloading typing_extensions-4.13.2-py3-none-any.whl (45 kB)
Downloading tzdata-2025.2-py2.py3-none-any.whl (347 kB)
Downloading filelock-3.18.0-py3-none-any.whl (16 kB)
Downloading fsspec-2025.3.2-py3-none-any.whl (194 kB)
Downloading jinja2-3.1.6-py3-none-any.whl (134 kB)
Downloading MarkupSafe-3.0.2-cp313-cp313-macosx_11_0_arm64.whl (12 kB)
Downloading networkx-3.4.2-py3-none-any.whl (1.7 MB)
   ━━━━━━━━━━━━━━━━━━━━━━━━━━━━━━━━━━━━━━━━ 1.7/1.7 MB 34.4 MB/s eta 0:00:00
Downloading setuptools-80.3.1-py3-none-any.whl (1.2 MB)
   ━━━━━━━━━━━━━━━━━━━━━━━━━━━━━━━━━━━━━━━━ 1.2/1.2 MB 33.4 MB/s eta 0:00:00
Installing collected packages: pytz, mpmath, tzdata, typing-extensions, sympy, six, setuptools, pyparsing, pillow, packaging, numpy, networkx, MarkupSafe, kiwisolver, fsspec, fonttools, filelock, cycler, python-dateutil, jinja2, contourpy, torch, pandas, matplotlib, torchvision

Successfully installed MarkupSafe-3.0.2 contourpy-1.3.2 cycler-0.12.1 filelock-3.18.0 fonttools-4.57.0 fsspec-2025.3.2 jinja2-3.1.6 kiwisolver-1.4.8 matplotlib-3.10.1 mpmath-1.3.0 networkx-3.4.2 numpy-2.2.5 packaging-25.0 pandas-2.2.3 pillow-11.2.1 pyparsing-3.2.3 python-dateutil-2.9.0.post0 pytz-2025.2 setuptools-80.3.1 six-1.17.0 sympy-1.14.0 torch-2.7.0 torchvision-0.22.0 typing-extensions-4.13.2 tzdata-2025.2
===== Dependency install finished: Wed May  7 20:05:39 EDT 2025 =====
