===== System update and OS package install started: Thu May  8 02:12:30 UTC 2025 =====
Loaded plugins: extras_suggestions, langpacks, priorities, update-motd
No packages marked for update
Loaded plugins: extras_suggestions, langpacks, priorities, update-motd
Package git-2.47.1-1.amzn2.0.2.x86_64 already installed and latest version
Package python3-3.7.16-1.amzn2.0.17.x86_64 already installed and latest version
Package python3-devel-3.7.16-1.amzn2.0.17.x86_64 already installed and latest version
Package python3-pip-20.2.2-1.amzn2.0.10.noarch already installed and latest version
No package python3-virtualenv available.
Package gcc-7.3.1-17.amzn2.x86_64 already installed and latest version
Package gcc-c++-7.3.1-17.amzn2.x86_64 already installed and latest version
Package 1:make-3.82-24.amzn2.x86_64 already installed and latest version
Package libffi-devel-3.0.13-18.amzn2.0.2.x86_64 already installed and latest version
Package 1:openssl-devel-1.0.2k-24.amzn2.0.15.x86_64 already installed and latest version
Nothing to do
===== System packages installed =====
===== Dependency install started: Thu May  8 02:12:32 UTC 2025 =====
Requirement already satisfied: pip in ./venv/lib/python3.7/site-packages (24.0)
Files removed: 2
Looking in links: https://download.pytorch.org/whl/cpu/torch_stable.html
Requirement already satisfied: torch==1.13.1+cpu in ./venv/lib/python3.7/site-packages (1.13.1+cpu)
Requirement already satisfied: torchvision==0.14.1+cpu in ./venv/lib/python3.7/site-packages (0.14.1+cpu)
Requirement already satisfied: typing-extensions in ./venv/lib/python3.7/site-packages (from torch==1.13.1+cpu) (4.7.1)
Requirement already satisfied: numpy in ./venv/lib/python3.7/site-packages (from torchvision==0.14.1+cpu) (1.21.6)
Requirement already satisfied: requests in ./venv/lib/python3.7/site-packages (from torchvision==0.14.1+cpu) (2.31.0)
Requirement already satisfied: pillow!=8.3.*,>=5.3.0 in ./venv/lib/python3.7/site-packages (from torchvision==0.14.1+cpu) (9.5.0)
Requirement already satisfied: charset-normalizer<4,>=2 in ./venv/lib/python3.7/site-packages (from requests->torchvision==0.14.1+cpu) (3.4.2)
Requirement already satisfied: idna<4,>=2.5 in ./venv/lib/python3.7/site-packages (from requests->torchvision==0.14.1+cpu) (3.10)
Requirement already satisfied: urllib3<3,>=1.21.1 in ./venv/lib/python3.7/site-packages (from requests->torchvision==0.14.1+cpu) (1.26.20)
Requirement already satisfied: certifi>=2017.4.17 in ./venv/lib/python3.7/site-packages (from requests->torchvision==0.14.1+cpu) (2025.4.26)
Requirement already satisfied: matplotlib in ./venv/lib/python3.7/site-packages (3.5.3)
Requirement already satisfied: pandas in ./venv/lib/python3.7/site-packages (1.3.5)
Requirement already satisfied: cycler>=0.10 in ./venv/lib/python3.7/site-packages (from matplotlib) (0.11.0)
Requirement already satisfied: fonttools>=4.22.0 in ./venv/lib/python3.7/site-packages (from matplotlib) (4.38.0)
Requirement already satisfied: kiwisolver>=1.0.1 in ./venv/lib/python3.7/site-packages (from matplotlib) (1.4.5)
Requirement already satisfied: numpy>=1.17 in ./venv/lib/python3.7/site-packages (from matplotlib) (1.21.6)
Requirement already satisfied: packaging>=20.0 in ./venv/lib/python3.7/site-packages (from matplotlib) (24.0)
Requirement already satisfied: pillow>=6.2.0 in ./venv/lib/python3.7/site-packages (from matplotlib) (9.5.0)
Requirement already satisfied: pyparsing>=2.2.1 in ./venv/lib/python3.7/site-packages (from matplotlib) (3.1.4)
Requirement already satisfied: python-dateutil>=2.7 in ./venv/lib/python3.7/site-packages (from matplotlib) (2.9.0.post0)
Requirement already satisfied: pytz>=2017.3 in ./venv/lib/python3.7/site-packages (from pandas) (2025.2)
Requirement already satisfied: typing-extensions in ./venv/lib/python3.7/site-packages (from kiwisolver>=1.0.1->matplotlib) (4.7.1)
Requirement already satisfied: six>=1.5 in ./venv/lib/python3.7/site-packages (from python-dateutil>=2.7->matplotlib) (1.17.0)
Requirement already satisfied: urllib3<2.0 in ./venv/lib/python3.7/site-packages (1.26.20)
WARNING: No matching packages
Files removed: 0
===== Dependency install finished: Thu May  8 02:12:38 UTC 2025 =====
